[2024-12-29 19:44:46,951: INFO: main : Stagging Started DATA INGESTION]
[2024-12-29 19:44:46,953: INFO: common : Yaml file loadded successfully from config\config.yaml]
[2024-12-29 19:44:46,954: INFO: common : Yaml file loadded successfully from params.yaml]
[2024-12-29 19:44:46,955: INFO: common : Yaml file loadded successfully from schema.yaml]
[2024-12-29 19:44:46,956: INFO: common : Directory created at artifacts]
[2024-12-29 19:44:46,956: INFO: common : Directory created at artifacts/data_ingestion]
[2024-12-29 19:44:47,820: INFO: data_ingestion : Downloading file ]
[2024-12-29 19:44:47,841: INFO: main : Stagging Completed DATA INGESTION]
[2024-12-29 19:44:47,841: INFO: main : Stagging Started DATA VALIDATION]
[2024-12-29 19:44:47,844: INFO: common : Yaml file loadded successfully from config\config.yaml]
[2024-12-29 19:44:47,844: INFO: common : Yaml file loadded successfully from params.yaml]
[2024-12-29 19:44:47,845: INFO: common : Yaml file loadded successfully from schema.yaml]
[2024-12-29 19:44:47,847: INFO: common : Directory created at artifacts]
[2024-12-29 19:44:47,847: INFO: common : Directory created at artifacts/data_validation]
[2024-12-29 19:44:47,875: INFO: main : Stagging Completed DATA VALIDATION]
[2024-12-29 19:44:47,875: INFO: main : Transformation Started DATA TRANSFORMATION]
[2024-12-29 19:44:47,876: ERROR: stage_03_data_transformation : Error in Data Transformation: [Errno 22] Invalid argument: 'D:\\exercises\\Cold_Email_Generator\\MLOPS\\End-to-End-Machine-Learning-Project-with-MLFLOW\x07rtifacts\\data_validation\\status.txt']
[2024-12-29 19:44:47,877: INFO: main : Error in the Transformation]
[2024-12-29 19:45:28,210: INFO: main : Stagging Started DATA INGESTION]
[2024-12-29 19:45:28,210: INFO: common : Yaml file loadded successfully from config\config.yaml]
[2024-12-29 19:45:28,210: INFO: common : Yaml file loadded successfully from params.yaml]
[2024-12-29 19:45:28,210: INFO: common : Yaml file loadded successfully from schema.yaml]
[2024-12-29 19:45:28,210: INFO: common : Directory created at artifacts]
[2024-12-29 19:45:28,215: INFO: common : Directory created at artifacts/data_ingestion]
[2024-12-29 19:45:28,407: INFO: data_ingestion : Downloading file ]
[2024-12-29 19:45:28,425: INFO: main : Stagging Completed DATA INGESTION]
[2024-12-29 19:45:28,425: INFO: main : Stagging Started DATA VALIDATION]
[2024-12-29 19:45:28,428: INFO: common : Yaml file loadded successfully from config\config.yaml]
[2024-12-29 19:45:28,430: INFO: common : Yaml file loadded successfully from params.yaml]
[2024-12-29 19:45:28,433: INFO: common : Yaml file loadded successfully from schema.yaml]
[2024-12-29 19:45:28,433: INFO: common : Directory created at artifacts]
[2024-12-29 19:45:28,434: INFO: common : Directory created at artifacts/data_validation]
[2024-12-29 19:45:28,468: INFO: main : Stagging Completed DATA VALIDATION]
[2024-12-29 19:45:28,470: INFO: main : Transformation Started DATA TRANSFORMATION]
[2024-12-29 19:45:28,471: ERROR: stage_03_data_transformation : Error in Data Transformation: [Errno 22] Invalid argument: 'D:\\exercises\\Cold_Email_Generator\\MLOPS\\End-to-End-Machine-Learning-Project-with-MLFLOW\x07rtifacts\\data_validation\\status.txt']
[2024-12-29 19:45:28,473: INFO: main : Error in the Transformation]
[2024-12-29 19:46:21,260: INFO: main : Stagging Started DATA INGESTION]
[2024-12-29 19:46:21,263: INFO: common : Yaml file loadded successfully from config\config.yaml]
[2024-12-29 19:46:21,264: INFO: common : Yaml file loadded successfully from params.yaml]
[2024-12-29 19:46:21,266: INFO: common : Yaml file loadded successfully from schema.yaml]
[2024-12-29 19:46:21,266: INFO: common : Directory created at artifacts]
[2024-12-29 19:46:21,266: INFO: common : Directory created at artifacts/data_ingestion]
[2024-12-29 19:46:21,571: INFO: data_ingestion : Downloading file ]
[2024-12-29 19:46:21,605: INFO: main : Stagging Completed DATA INGESTION]
[2024-12-29 19:46:21,605: INFO: main : Stagging Started DATA VALIDATION]
[2024-12-29 19:46:21,605: INFO: common : Yaml file loadded successfully from config\config.yaml]
[2024-12-29 19:46:21,608: INFO: common : Yaml file loadded successfully from params.yaml]
[2024-12-29 19:46:21,613: INFO: common : Yaml file loadded successfully from schema.yaml]
[2024-12-29 19:46:21,613: INFO: common : Directory created at artifacts]
[2024-12-29 19:46:21,617: INFO: common : Directory created at artifacts/data_validation]
[2024-12-29 19:46:21,647: INFO: main : Stagging Completed DATA VALIDATION]
[2024-12-29 19:46:21,647: INFO: main : Transformation Started DATA TRANSFORMATION]
[2024-12-29 19:46:21,647: ERROR: stage_03_data_transformation : Error in Data Transformation: [Errno 22] Invalid argument: 'D:\\exercises\\Cold_Email_Generator\\MLOPS\\End-to-End-Machine-Learning-Project-with-MLFLOW\x07rtifacts\\data_validation\\status.txt']
[2024-12-29 19:46:21,653: INFO: main : Error in the Transformation]
[2024-12-29 19:46:57,176: INFO: main : Stagging Started DATA INGESTION]
[2024-12-29 19:46:57,178: INFO: common : Yaml file loadded successfully from config\config.yaml]
[2024-12-29 19:46:57,178: INFO: common : Yaml file loadded successfully from params.yaml]
[2024-12-29 19:46:57,178: INFO: common : Yaml file loadded successfully from schema.yaml]
[2024-12-29 19:46:57,178: INFO: common : Directory created at artifacts]
[2024-12-29 19:46:57,178: INFO: common : Directory created at artifacts/data_ingestion]
[2024-12-29 19:46:57,645: INFO: data_ingestion : Downloading file ]
[2024-12-29 19:46:57,676: INFO: main : Stagging Completed DATA INGESTION]
[2024-12-29 19:46:57,676: INFO: main : Stagging Started DATA VALIDATION]
[2024-12-29 19:46:57,676: INFO: common : Yaml file loadded successfully from config\config.yaml]
[2024-12-29 19:46:57,676: INFO: common : Yaml file loadded successfully from params.yaml]
[2024-12-29 19:46:57,690: INFO: common : Yaml file loadded successfully from schema.yaml]
[2024-12-29 19:46:57,691: INFO: common : Directory created at artifacts]
[2024-12-29 19:46:57,692: INFO: common : Directory created at artifacts/data_validation]
[2024-12-29 19:46:57,719: INFO: main : Stagging Completed DATA VALIDATION]
[2024-12-29 19:46:57,720: INFO: main : Transformation Started DATA TRANSFORMATION]
[2024-12-29 19:46:57,724: INFO: stage_03_data_transformation : Data Validation is not completed]
[2024-12-29 19:46:57,724: INFO: main : Transformation Completed DATA TRANSFORMATION]
[2024-12-29 19:48:36,688: INFO: main : Stagging Started DATA INGESTION]
[2024-12-29 19:48:36,692: INFO: common : Yaml file loadded successfully from config\config.yaml]
[2024-12-29 19:48:36,693: INFO: common : Yaml file loadded successfully from params.yaml]
[2024-12-29 19:48:36,695: INFO: common : Yaml file loadded successfully from schema.yaml]
[2024-12-29 19:48:36,695: INFO: common : Directory created at artifacts]
[2024-12-29 19:48:36,695: INFO: common : Directory created at artifacts/data_ingestion]
[2024-12-29 19:48:36,873: INFO: data_ingestion : Downloading file ]
[2024-12-29 19:48:36,894: INFO: main : Stagging Completed DATA INGESTION]
[2024-12-29 19:48:36,894: INFO: main : Stagging Started DATA VALIDATION]
[2024-12-29 19:48:36,897: INFO: common : Yaml file loadded successfully from config\config.yaml]
[2024-12-29 19:48:36,898: INFO: common : Yaml file loadded successfully from params.yaml]
[2024-12-29 19:48:36,901: INFO: common : Yaml file loadded successfully from schema.yaml]
[2024-12-29 19:48:36,901: INFO: common : Directory created at artifacts]
[2024-12-29 19:48:36,902: INFO: common : Directory created at artifacts/data_validation]
[2024-12-29 19:48:36,923: INFO: main : Stagging Completed DATA VALIDATION]
[2024-12-29 19:48:36,924: INFO: main : Transformation Started DATA TRANSFORMATION]
[2024-12-29 19:48:36,927: INFO: stage_03_data_transformation : Data Validation is not completed]
[2024-12-29 19:48:36,927: INFO: main : Transformation Completed DATA TRANSFORMATION]
[2024-12-29 19:49:48,272: INFO: main : Stagging Started DATA INGESTION]
[2024-12-29 19:49:48,272: INFO: common : Yaml file loadded successfully from config\config.yaml]
[2024-12-29 19:49:48,282: INFO: common : Yaml file loadded successfully from params.yaml]
[2024-12-29 19:49:48,282: INFO: common : Yaml file loadded successfully from schema.yaml]
[2024-12-29 19:49:48,282: INFO: common : Directory created at artifacts]
[2024-12-29 19:49:48,282: INFO: common : Directory created at artifacts/data_ingestion]
[2024-12-29 19:49:48,777: INFO: data_ingestion : Downloading file ]
[2024-12-29 19:49:48,818: INFO: main : Stagging Completed DATA INGESTION]
[2024-12-29 19:49:48,820: INFO: main : Stagging Started DATA VALIDATION]
[2024-12-29 19:49:48,822: INFO: common : Yaml file loadded successfully from config\config.yaml]
[2024-12-29 19:49:48,823: INFO: common : Yaml file loadded successfully from params.yaml]
[2024-12-29 19:49:48,825: INFO: common : Yaml file loadded successfully from schema.yaml]
[2024-12-29 19:49:48,827: INFO: common : Directory created at artifacts]
[2024-12-29 19:49:48,827: INFO: common : Directory created at artifacts/data_validation]
[2024-12-29 19:49:48,854: INFO: main : Stagging Completed DATA VALIDATION]
[2024-12-29 19:49:48,854: INFO: main : Transformation Started DATA TRANSFORMATION]
[2024-12-29 19:49:48,862: INFO: common : Yaml file loadded successfully from config\config.yaml]
[2024-12-29 19:49:48,863: INFO: common : Yaml file loadded successfully from params.yaml]
[2024-12-29 19:49:48,865: INFO: common : Yaml file loadded successfully from schema.yaml]
[2024-12-29 19:49:48,866: INFO: common : Directory created at artifacts]
[2024-12-29 19:49:48,869: INFO: common : Directory created at artifacts/data_transformation]
[2024-12-29 19:49:48,901: INFO: data_transformation :  Data Transformation Completed]
[2024-12-29 19:49:48,901: INFO: data_transformation : (857, 13)]
[2024-12-29 19:49:48,903: INFO: data_transformation : (286, 13)]
[2024-12-29 19:49:48,904: INFO: main : Transformation Completed DATA TRANSFORMATION]
[2024-12-29 21:01:17,735: INFO: common : Yaml file loadded successfully from config\config.yaml]
[2024-12-29 21:01:17,754: INFO: common : Yaml file loadded successfully from params.yaml]
[2024-12-29 21:01:17,772: INFO: common : Yaml file loadded successfully from schema.yaml]
[2024-12-29 21:01:17,774: INFO: common : Directory created at artifacts]
[2024-12-29 21:01:17,778: INFO: common : Directory created at artifacts/model_trainer]
[2024-12-29 21:01:17,779: ERROR: 1432732173 : "'ConfigBox' object has no attribute 'train_data'"]
[2024-12-29 21:02:23,096: INFO: common : Yaml file loadded successfully from config\config.yaml]
[2024-12-29 21:02:23,099: INFO: common : Yaml file loadded successfully from params.yaml]
[2024-12-29 21:02:23,103: INFO: common : Yaml file loadded successfully from schema.yaml]
[2024-12-29 21:02:23,103: INFO: common : Directory created at artifacts]
[2024-12-29 21:02:23,107: INFO: common : Directory created at artifacts/model_trainer]
[2024-12-29 21:02:23,107: ERROR: 1432732173 : ModelTrainerConfig.__init__() got an unexpected keyword argument 'train_data']
[2024-12-29 21:03:45,712: INFO: common : Yaml file loadded successfully from config\config.yaml]
[2024-12-29 21:03:45,715: INFO: common : Yaml file loadded successfully from params.yaml]
[2024-12-29 21:03:45,719: INFO: common : Yaml file loadded successfully from schema.yaml]
[2024-12-29 21:03:45,722: INFO: common : Directory created at artifacts]
[2024-12-29 21:03:45,727: INFO: common : Directory created at artifacts/model_trainer]
[2024-12-29 21:03:45,728: ERROR: 1432732173 : ModelTrainerConfig.__init__() got an unexpected keyword argument 'train_data']
[2024-12-29 21:04:18,742: INFO: common : Yaml file loadded successfully from config\config.yaml]
[2024-12-29 21:04:18,745: INFO: common : Yaml file loadded successfully from params.yaml]
[2024-12-29 21:04:18,749: INFO: common : Yaml file loadded successfully from schema.yaml]
[2024-12-29 21:04:18,749: INFO: common : Directory created at artifacts]
[2024-12-29 21:04:18,752: INFO: common : Directory created at artifacts/model_trainer]
[2024-12-29 21:04:18,752: INFO: 3674959731 : Now Training the Model]
[2024-12-29 21:04:18,757: ERROR: 1432732173 : 'ModelTrainerConfig' object has no attribute 'train_data']
[2024-12-29 21:04:52,693: INFO: common : Yaml file loadded successfully from config\config.yaml]
[2024-12-29 21:04:52,696: INFO: common : Yaml file loadded successfully from params.yaml]
[2024-12-29 21:04:52,701: INFO: common : Yaml file loadded successfully from schema.yaml]
[2024-12-29 21:04:52,702: INFO: common : Directory created at artifacts]
[2024-12-29 21:04:52,702: INFO: common : Directory created at artifacts/model_trainer]
[2024-12-29 21:04:52,702: INFO: 2546938033 : Now Training the Model]
[2024-12-29 21:04:52,774: ERROR: 1432732173 : 'ModelTrainer' object has no attribute 'comfog']
[2024-12-29 21:05:10,210: INFO: common : Yaml file loadded successfully from config\config.yaml]
[2024-12-29 21:05:10,216: INFO: common : Yaml file loadded successfully from params.yaml]
[2024-12-29 21:05:10,218: INFO: common : Yaml file loadded successfully from schema.yaml]
[2024-12-29 21:05:10,218: INFO: common : Directory created at artifacts]
[2024-12-29 21:05:10,223: INFO: common : Directory created at artifacts/model_trainer]
[2024-12-29 21:05:10,223: INFO: 1861717452 : Now Training the Model]
[2024-12-29 21:05:48,247: INFO: common : Yaml file loadded successfully from config\config.yaml]
[2024-12-29 21:05:48,250: INFO: common : Yaml file loadded successfully from params.yaml]
[2024-12-29 21:05:48,253: INFO: common : Yaml file loadded successfully from schema.yaml]
[2024-12-29 21:05:48,255: INFO: common : Directory created at artifacts]
[2024-12-29 21:05:48,255: INFO: common : Directory created at artifacts/model_trainer]
[2024-12-29 21:05:48,261: INFO: 2365353804 : Now Training the Model]
[2024-12-29 21:05:48,276: INFO: 2365353804 : Training Completed]
[2024-12-29 21:16:26,542: INFO: main : Stagging Started DATA INGESTION]
[2024-12-29 21:16:26,553: INFO: common : Yaml file loadded successfully from config\config.yaml]
[2024-12-29 21:16:26,554: INFO: common : Yaml file loadded successfully from params.yaml]
[2024-12-29 21:16:26,554: INFO: common : Yaml file loadded successfully from schema.yaml]
[2024-12-29 21:16:26,557: INFO: common : Directory created at artifacts]
[2024-12-29 21:16:26,557: INFO: common : Directory created at artifacts/data_ingestion]
[2024-12-29 21:16:27,130: INFO: data_ingestion : Downloading file ]
[2024-12-29 21:16:27,145: INFO: main : Stagging Completed DATA INGESTION]
[2024-12-29 21:16:27,148: INFO: main : Stagging Started DATA VALIDATION]
[2024-12-29 21:16:27,149: INFO: common : Yaml file loadded successfully from config\config.yaml]
[2024-12-29 21:16:27,151: INFO: common : Yaml file loadded successfully from params.yaml]
[2024-12-29 21:16:27,154: INFO: common : Yaml file loadded successfully from schema.yaml]
[2024-12-29 21:16:27,156: INFO: common : Directory created at artifacts]
[2024-12-29 21:16:27,156: INFO: common : Directory created at artifacts/data_validation]
[2024-12-29 21:16:27,189: INFO: main : Stagging Completed DATA VALIDATION]
[2024-12-29 21:16:27,189: INFO: main : Transformation Started DATA TRANSFORMATION]
[2024-12-29 21:16:27,199: INFO: common : Yaml file loadded successfully from config\config.yaml]
[2024-12-29 21:16:27,199: INFO: common : Yaml file loadded successfully from params.yaml]
[2024-12-29 21:16:27,203: INFO: common : Yaml file loadded successfully from schema.yaml]
[2024-12-29 21:16:27,203: INFO: common : Directory created at artifacts]
[2024-12-29 21:16:27,205: INFO: common : Directory created at artifacts/data_transformation]
[2024-12-29 21:16:27,232: INFO: data_transformation :  Data Transformation Completed]
[2024-12-29 21:16:27,232: INFO: data_transformation : (857, 13)]
[2024-12-29 21:16:27,232: INFO: data_transformation : (286, 13)]
[2024-12-29 21:16:27,232: INFO: main : Transformation Completed DATA TRANSFORMATION]
[2024-12-29 21:16:27,232: INFO: main : Training Started MODEL TRAINING]
[2024-12-29 21:16:27,232: INFO: common : Yaml file loadded successfully from config\config.yaml]
[2024-12-29 21:16:27,243: INFO: common : Yaml file loadded successfully from params.yaml]
[2024-12-29 21:16:27,246: INFO: common : Yaml file loadded successfully from schema.yaml]
[2024-12-29 21:16:27,246: INFO: common : Directory created at artifacts]
[2024-12-29 21:16:27,250: INFO: common : Directory created at artifacts/model_trainer]
[2024-12-29 21:16:27,250: INFO: model_trainer : Now Training the Model]
[2024-12-29 21:16:27,295: INFO: model_trainer : Training Completed]
[2024-12-29 21:16:27,305: INFO: main : Training Completed MODEL TRAINING]
[2024-12-30 20:14:36,911: INFO: common : Yaml file loadded successfully from config\config.yaml]
[2024-12-30 20:14:36,918: INFO: common : Yaml file loadded successfully from params.yaml]
[2024-12-30 20:14:36,934: INFO: common : Yaml file loadded successfully from schema.yaml]
[2024-12-30 20:14:36,939: INFO: common : Directory created at artifacts]
[2024-12-30 20:14:36,944: INFO: common : Directory created at artifacts/model_trainer]
[2024-12-30 20:14:36,950: ERROR: 259920028 : "'ConfigBox' object has no attribute 'model_path'"]
[2024-12-30 20:16:35,088: INFO: common : Yaml file loadded successfully from config\config.yaml]
[2024-12-30 20:16:35,092: INFO: common : Yaml file loadded successfully from params.yaml]
[2024-12-30 20:16:35,096: INFO: common : Yaml file loadded successfully from schema.yaml]
[2024-12-30 20:16:35,098: INFO: common : Directory created at artifacts]
[2024-12-30 20:16:35,101: INFO: common : Directory created at artifacts/model_trainer]
[2024-12-30 20:16:35,103: ERROR: 259920028 : "'ConfigBox' object has no attribute 'model_path'"]
[2024-12-30 20:17:15,836: INFO: common : Yaml file loadded successfully from config\config.yaml]
[2024-12-30 20:17:15,840: INFO: common : Yaml file loadded successfully from params.yaml]
[2024-12-30 20:17:15,849: INFO: common : Yaml file loadded successfully from schema.yaml]
[2024-12-30 20:17:15,852: INFO: common : Directory created at artifacts]
[2024-12-30 20:17:15,854: INFO: common : Directory created at artifacts/model_trainer]
[2024-12-30 20:17:15,856: ERROR: 4030865884 : "'ConfigBox' object has no attribute 'model_path'"]
[2024-12-30 20:23:03,389: INFO: common : Yaml file loadded successfully from config\config.yaml]
[2024-12-30 20:23:03,393: INFO: common : Yaml file loadded successfully from params.yaml]
[2024-12-30 20:23:03,398: INFO: common : Yaml file loadded successfully from schema.yaml]
[2024-12-30 20:23:03,402: INFO: common : Directory created at artifacts]
[2024-12-30 20:23:03,405: INFO: common : Directory created at artifacts/model_trainer]
[2024-12-30 20:23:03,406: ERROR: 4030865884 : "'ConfigBox' object has no attribute 'model_path'"]
[2024-12-30 20:24:21,826: INFO: common : Yaml file loadded successfully from config\config.yaml]
[2024-12-30 20:24:21,829: INFO: common : Yaml file loadded successfully from params.yaml]
[2024-12-30 20:24:21,833: INFO: common : Yaml file loadded successfully from schema.yaml]
[2024-12-30 20:24:21,835: INFO: common : Directory created at artifacts]
[2024-12-30 20:24:21,839: INFO: common : Directory created at artifacts/model_evaluation]
[2024-12-30 20:24:21,927: ERROR: 4030865884 : name 'mlflow_start_run' is not defined]
[2024-12-30 20:25:51,691: INFO: common : Yaml file loadded successfully from config\config.yaml]
[2024-12-30 20:25:51,695: INFO: common : Yaml file loadded successfully from params.yaml]
[2024-12-30 20:25:51,700: INFO: common : Yaml file loadded successfully from schema.yaml]
[2024-12-30 20:25:51,702: INFO: common : Directory created at artifacts]
[2024-12-30 20:25:51,703: INFO: common : Directory created at artifacts/model_evaluation]
[2024-12-30 20:25:52,274: INFO: common : Data saved at artifacts\model_evaluation\metrics.json]
[2024-12-30 20:25:52,310: ERROR: 4030865884 : module 'mlflow.sklearn' has no attribute 'log_mode']
[2024-12-30 20:26:09,374: INFO: common : Yaml file loadded successfully from config\config.yaml]
[2024-12-30 20:26:09,378: INFO: common : Yaml file loadded successfully from params.yaml]
[2024-12-30 20:26:09,382: INFO: common : Yaml file loadded successfully from schema.yaml]
[2024-12-30 20:26:09,384: INFO: common : Directory created at artifacts]
[2024-12-30 20:26:09,384: INFO: common : Directory created at artifacts/model_evaluation]
[2024-12-30 20:26:09,494: INFO: common : Data saved at artifacts\model_evaluation\metrics.json]
[2024-12-30 20:26:18,794: INFO: 3728083176 : Model logged into MLFlow]
[2024-12-30 21:46:24,098: INFO: common : Yaml file loadded successfully from config\config.yaml]
[2024-12-30 21:46:24,138: INFO: common : Yaml file loadded successfully from params.yaml]
[2024-12-30 21:46:24,146: INFO: common : Yaml file loadded successfully from schema.yaml]
[2024-12-30 21:46:24,156: INFO: common : Directory created at artifacts]
[2024-12-30 21:46:24,159: INFO: common : Directory created at artifacts/model_evaluation]
[2024-12-30 21:46:24,434: INFO: common : Data saved at artifacts\model_evaluation\metrics.json]
[2024-12-30 21:46:31,886: INFO: 3728083176 : Model logged into MLFlow]
[2024-12-30 21:58:27,287: INFO: main : Stagging Started DATA INGESTION]
[2024-12-30 21:58:27,289: INFO: common : Yaml file loadded successfully from config\config.yaml]
[2024-12-30 21:58:27,289: INFO: common : Yaml file loadded successfully from params.yaml]
[2024-12-30 21:58:27,293: INFO: common : Yaml file loadded successfully from schema.yaml]
[2024-12-30 21:58:27,293: INFO: common : Directory created at artifacts]
[2024-12-30 21:58:27,293: INFO: common : Directory created at artifacts/data_ingestion]
[2024-12-30 21:58:28,034: INFO: data_ingestion : Downloading file ]
[2024-12-30 21:58:28,071: INFO: main : Stagging Completed DATA INGESTION]
[2024-12-30 21:58:28,072: INFO: main : Stagging Started DATA VALIDATION]
[2024-12-30 21:58:28,075: INFO: common : Yaml file loadded successfully from config\config.yaml]
[2024-12-30 21:58:28,078: INFO: common : Yaml file loadded successfully from params.yaml]
[2024-12-30 21:58:28,082: INFO: common : Yaml file loadded successfully from schema.yaml]
[2024-12-30 21:58:28,084: INFO: common : Directory created at artifacts]
[2024-12-30 21:58:28,085: INFO: common : Directory created at artifacts/data_validation]
[2024-12-30 21:58:28,119: INFO: main : Stagging Completed DATA VALIDATION]
[2024-12-30 21:58:28,121: INFO: main : Transformation Started DATA TRANSFORMATION]
[2024-12-30 21:58:28,143: INFO: common : Yaml file loadded successfully from config\config.yaml]
[2024-12-30 21:58:28,145: INFO: common : Yaml file loadded successfully from params.yaml]
[2024-12-30 21:58:28,150: INFO: common : Yaml file loadded successfully from schema.yaml]
[2024-12-30 21:58:28,151: INFO: common : Directory created at artifacts]
[2024-12-30 21:58:28,152: INFO: common : Directory created at artifacts/data_transformation]
[2024-12-30 21:58:28,187: INFO: data_transformation :  Data Transformation Completed]
[2024-12-30 21:58:28,188: INFO: data_transformation : (857, 13)]
[2024-12-30 21:58:28,188: INFO: data_transformation : (286, 13)]
[2024-12-30 21:58:28,189: INFO: main : Transformation Completed DATA TRANSFORMATION]
[2024-12-30 21:58:28,191: INFO: main : Training Started MODEL TRAINING]
[2024-12-30 21:58:28,194: INFO: common : Yaml file loadded successfully from config\config.yaml]
[2024-12-30 21:58:28,195: INFO: common : Yaml file loadded successfully from params.yaml]
[2024-12-30 21:58:28,200: INFO: common : Yaml file loadded successfully from schema.yaml]
[2024-12-30 21:58:28,202: INFO: common : Directory created at artifacts]
[2024-12-30 21:58:28,202: INFO: common : Directory created at artifacts/model_trainer]
[2024-12-30 21:58:28,204: INFO: model_trainer : Now Training the Model]
[2024-12-30 21:58:28,251: INFO: model_trainer : Training Completed]
[2024-12-30 21:58:28,262: INFO: main : Training Completed MODEL TRAINING]
[2024-12-30 21:58:28,263: INFO: main : Evaluation Started MODEL EVALUATION]
[2024-12-30 21:58:28,269: INFO: common : Yaml file loadded successfully from config\config.yaml]
[2024-12-30 21:58:28,271: INFO: common : Yaml file loadded successfully from params.yaml]
[2024-12-30 21:58:28,274: INFO: common : Yaml file loadded successfully from schema.yaml]
[2024-12-30 21:58:28,276: INFO: common : Directory created at artifacts]
[2024-12-30 21:58:28,277: INFO: common : Directory created at artifacts/model_evaluation]
[2024-12-30 21:58:29,494: INFO: common : Data saved at artifacts\model_evaluation\metrics.json]
[2024-12-30 21:58:35,555: INFO: model_evaluation : Model logged into MLFlow]
[2024-12-30 21:58:35,562: INFO: main : Evaluation Completed MODEL EVALUATION]
